<?xml version="1.0" encoding="UTF-8"?>
<!-- Generated by org.testng.reporters.JUnitReportReporter -->
<testsuite skipped="0" hostname="paky-HP" name="Test.tc" tests="1" failures="0" timestamp="26 Oct 2018 14:45:41 GMT" time="0.027" errors="0">
  <testcase name="abc" time="0.027" classname="Test.tc"/>
</testsuite> <!-- Test.tc -->
